<?xml version="1.0" encoding="UTF-8"?>
<!-- Generated by org.testng.reporters.JUnitXMLReporter -->
<testsuite ignored="0" hostname="Cybil" failures="0" tests="3" name="Default test" time="0.679" errors="0" timestamp="2023-10-03T08:53:06 IST">
  <testcase classname="dataread.ExcelDataReading" name="ReadTestData" time="0.009"/>
  <testcase classname="dataread.ExcelDataReading" name="ReadTestData" time="0.0"/>
  <testcase classname="dataread.ExcelDataReading" name="ReadTestData" time="0.002"/>
</testsuite> <!-- Default test -->
